Change Component Designator: Old Designator=BT2 New Designator=BT1
Change Component Designator: Old Designator=C36 New Designator=C10
Change Component Designator: Old Designator=C37 New Designator=C12
Change Component Designator: Old Designator=C38 New Designator=C11
Change Component Designator: Old Designator=C39 New Designator=C13
Change Component Designator: Old Designator=C40 New Designator=C14
Change Component Designator: Old Designator=C41 New Designator=C15
Change Component Designator: Old Designator=J3 New Designator=J2
Change Component Designator: Old Designator=J4 New Designator=J3
Change Component Designator: Old Designator=J5 New Designator=J4
Change Component Designator: Old Designator=J6 New Designator=J5
Change Component Designator: Old Designator=R21 New Designator=R9
Change Component Designator: Old Designator=R22 New Designator=R10
Change Component Designator: Old Designator=R23 New Designator=R11
Change Component Designator: Old Designator=R24 New Designator=R12
Change Component Designator: Old Designator=R25 New Designator=R13
Change Component Designator: Old Designator=R26 New Designator=R14
Change Component Designator: Old Designator=R27 New Designator=R15
Change Component Designator: Old Designator=R28 New Designator=R16
Change Component Designator: Old Designator=U11 New Designator=U6
